#
# A fatal error has been detected by the Java Runtime Environment:
#
#  EXCEPTION_ACCESS_VIOLATION (0xc0000005) at pc=0x00007ffdd674beca, pid=1604, tid=19036
#
# JRE version: Java(TM) SE Runtime Environment (17.0+35) (build 17+35-LTS-2724)
# Java VM: Java HotSpot(TM) 64-Bit Server VM (17+35-LTS-2724, mixed mode, sharing, tiered, compressed oops, compressed class ptrs, g1 gc, windows-amd64)
# Problematic frame:
# V  [jvm.dll+0x73beca]
#
# No core dump will be written. Minidumps are not enabled by default on client versions of Windows
#
# If you would like to submit a bug report, please visit:
#   https://bugreport.java.com/bugreport/crash.jsp
#

---------------  S U M M A R Y ------------

Command Line: -XX:+ShowCodeDetailsInExceptionMessages -agentlib:jdwp=transport=dt_socket,suspend=y,address=localhost:64236 -javaagent:C:\Users\Filip\eclipse\java-2021-09\eclipse\configuration\org.eclipse.osgi\222\0\.cp\lib\javaagent-shaded.jar -Dfile.encoding=UTF-8 hr.fer.zemris.trisat.TriSATSolver

Host: AMD Ryzen 5 5600X 6-Core Processor             , 12 cores, 15G,  Windows 10 , 64 bit Build 19041 (10.0.19041.1202)
Time: Thu Oct 14 11:39:10 2021 Central European Daylight Time elapsed time: 81.838030 seconds (0d 0h 1m 21s)

---------------  T H R E A D  ---------------

Current thread (0x00000206a6de7020):  JavaThread "JDWP Transport Listener: dt_socket" daemon [_thread_in_vm, id=19036, stack(0x000000fb10600000,0x000000fb10700000)]

Stack: [0x000000fb10600000,0x000000fb10700000],  sp=0x000000fb106ff320,  free space=1020k
Native frames: (J=compiled Java code, j=interpreted, Vv=VM code, C=native code)
V  [jvm.dll+0x73beca]
V  [jvm.dll+0x50476c]
V  [jvm.dll+0x4d0084]
C  [jdwp.dll+0x22e9f]


siginfo: EXCEPTION_ACCESS_VIOLATION (0xc0000005), reading address 0x00000000004f0052


Register to memory mapping:

RIP=0x00007ffdd674beca jvm.dll
RAX=0x0000000000000050 is an unknown value
RBX=0x00000206a6c7d4dd points into unknown readable memory: 65 64 43
RCX=0x00000000004f004e is an unknown value
RDX=0x00000206a6ffd7d0 points into unknown readable memory: 0x2f7265662f72684c | 4c 68 72 2f 66 65 72 2f
RSP=0x000000fb106ff320 is pointing into the stack for thread: 0x00000206a6de7020
RBP=0x00000206a6dde570 points into unknown readable memory: 0x0000000000000002 | 02 00 00 00 00 00 00 00
RSI=0x0 is NULL
RDI=0xffffffffffffffff is an unknown value
R8 =0x00000000000000a1 is an unknown value
R9 =0x0000000000000040 is an unknown value
R10=0x0000000000000080 is an unknown value
R11=0x000000fb106ff340 is pointing into the stack for thread: 0x00000206a6de7020
R12=0x000000fb106ff478 is pointing into the stack for thread: 0x00000206a6de7020
R13=0x0 is NULL
R14=0x0000000800c069b8 is a pointer to class: 
hr.fer.zemris.trisat.BitVectorNGenerator$1 {0x0000000800c069c0}
 - instance size:     3
 - klass size:        76
 - access:            synchronized 
 - state:             fully_initialized
 - name:              'hr/fer/zemris/trisat/BitVectorNGenerator$1'
 - super:             'java/lang/Object'
 - sub:               
 - arrays:            NULL
 - methods:           Array<T>(0x00000206a6842ff8)
 - method ordering:   Array<T>(0x00000206a6843560)
 - default_methods:   Array<T>(0x00000206a6840918)
 - default vtable indices:   Array<T>(0x00000206a6840930)
 - local interfaces:  Array<T>(0x00000206a683ffd0)
 - trans. interfaces: Array<T>(0x00000206a683ffd0)
 - constants:         constant pool [88] {0x00000206a6843c20} for 'hr/fer/zemris/trisat/BitVectorNGenerator$1' cache=0x00000206a6843f70
 - class loader data:  loader data: 0x00000206a625e090 for instance a 'jdk/internal/loader/ClassLoaders$AppClassLoader'{0x00000007110581a0}
 - source file:       'BitVectorNGenerator.java'
 - source debug extension:       SMAP
BitVectorNGenerator.java
Java
*S jdt
*F
1 BitVectorNGenerator.java
2 file:/C:/Users/Filip/workspace/OERLab1/bin/
*L
*E

 - class annotations:       Array<T>(0x0000000000000000)
 - class type annotations:  Array<T>(0x0000000000000000)
 - field annotations:       Array<T>(0x0000000000000000)
 - field type annotations:  Array<T>(0x0000000000000000)
 - previous version:  constant pool [76] {0x00000206a6840240} for 'hr/fer/zemris/trisat/BitVectorNGenerator$1' (extra) cache=0x00000206a6840ab8
 - generic signature: '
[error occurred during error reporting (printing register info), id 0xc0000005, EXCEPTION_ACCESS_VIOLATION (0xc0000005) at pc=0x00007ffdd674cad6]

Registers:
RAX=0x0000000000000050, RBX=0x00000206a6c7d4dd, RCX=0x00000000004f004e, RDX=0x00000206a6ffd7d0
RSP=0x000000fb106ff320, RBP=0x00000206a6dde570, RSI=0x0000000000000000, RDI=0xffffffffffffffff
R8 =0x00000000000000a1, R9 =0x0000000000000040, R10=0x0000000000000080, R11=0x000000fb106ff340
R12=0x000000fb106ff478, R13=0x0000000000000000, R14=0x0000000800c069b8, R15=0x000000fb106ff4a0
RIP=0x00007ffdd674beca, EFLAGS=0x0000000000010202

Top of Stack: (sp=0x000000fb106ff320)
0x000000fb106ff320:   000000000000002a 0000000800c069b8
0x000000fb106ff330:   00000206a6c03ea0 00007ffe171d47b1
0x000000fb106ff340:   ffffffffffffffff 00007ffdd651476c
0x000000fb106ff350:   00000206a6c7d4dd 00000206a6c7d4b0
0x000000fb106ff360:   00000206a6dde570 00007ffdd651733d
0x000000fb106ff370:   00000206a6c7d470 00000000000003d8
0x000000fb106ff380:   00000206a6c7d480 00000206a6c7d858
0x000000fb106ff390:   0000000000002701 000000fb106ff478
0x000000fb106ff3a0:   0000000000000007 00000206a6de72c8
0x000000fb106ff3b0:   0000000710cfc930 00007ffdd64e0084
0x000000fb106ff3c0:   00000206a6de7020 000000fb106ff4a0
0x000000fb106ff3d0:   00000206830be600 000000fb106ff4a0
0x000000fb106ff3e0:   00000206a6de7020 0000000000000000
0x000000fb106ff3f0:   0000000000000000 0000000000000000
0x000000fb106ff400:   00000206a6dc6700 00007ffdefc72e9f
0x000000fb106ff410:   000000fb106ff498 00007ffdefc81830 

Instructions: (pc=0x00007ffdd674beca)
0x00007ffdd674bdca:   48 83 c4 20 5f e9 fc 87 96 ff cc cc cc cc cc cc
0x00007ffdd674bdda:   cc cc cc cc cc cc 48 89 5c 24 08 57 48 83 ec 20
0x00007ffdd674bdea:   83 fa 02 8d 42 06 b9 08 00 00 00 49 8b d8 0f 4e
0x00007ffdd674bdfa:   c1 48 63 c8 48 83 c1 07 83 e1 f8 48 63 f9 49 8b
0x00007ffdd674be0a:   48 18 48 8b c7 48 f7 d0 48 3b c1 73 16 4c 8d 05
0x00007ffdd674be1a:   9a 48 17 00 48 8b d7 48 8b cb e8 07 eb 96 ff 48
0x00007ffdd674be2a:   8b 4b 18 48 8d 04 39 48 3b 43 20 76 18 45 33 c0
0x00007ffdd674be3a:   48 8b d7 48 8b cb 48 8b 5c 24 30 48 83 c4 20 5f
0x00007ffdd674be4a:   e9 61 e7 96 ff 48 89 43 18 48 8b c1 48 8b 5c 24
0x00007ffdd674be5a:   30 48 83 c4 20 5f c3 cc cc cc cc cc cc cc cc cc
0x00007ffdd674be6a:   cc cc cc cc cc cc 4c 8b d2 4c 8b d9 45 85 c0 7e
0x00007ffdd674be7a:   3c 44 0f b7 49 04 41 8d 40 ff 41 3b c1 44 0f 4c
0x00007ffdd674be8a:   c8 4d 63 c1 45 85 c9 7e 1f 48 8b c2 4c 2b da 49
0x00007ffdd674be9a:   8b d0 0f 1f 40 00 41 0f b6 4c 03 06 88 08 48 8d
0x00007ffdd674beaa:   40 01 48 83 ea 01 75 ee 43 c6 04 10 00 49 8b c2
0x00007ffdd674beba:   c3 cc cc cc cc cc 48 89 5c 24 08 57 48 83 ec 20
0x00007ffdd674beca:   0f b7 59 04 48 8b f9 33 d2 48 8d 4b 01 e8 14 9b
0x00007ffdd674beda:   f8 ff 0f b7 57 04 4c 8b c0 3b da 0f 42 d3 44 8b
0x00007ffdd674beea:   ca 85 d2 74 39 48 2b f8 0f 1f 40 00 66 66 0f 1f
0x00007ffdd674befa:   84 00 00 00 00 00 0f b6 4c 07 06 88 08 48 ff c0
0x00007ffdd674bf0a:   48 8b c8 49 2b c8 49 3b c9 7c eb 42 c6 04 02 00
0x00007ffdd674bf1a:   49 8b c0 48 8b 5c 24 30 48 83 c4 20 5f c3 48 8b
0x00007ffdd674bf2a:   5c 24 30 c6 04 02 00 48 83 c4 20 5f c3 cc cc cc
0x00007ffdd674bf3a:   cc cc cc cc cc cc 4c 8b d1 45 85 c0 7e 6c 44 0f
0x00007ffdd674bf4a:   b7 49 04 41 8d 40 ff 41 3b c1 44 0f 4c c8 4d 63
0x00007ffdd674bf5a:   d9 45 85 c9 7e 22 48 8b ca 4c 2b d2 4d 8b c3 0f
0x00007ffdd674bf6a:   1f 80 00 00 00 00 41 0f b6 44 0a 06 88 01 48 8d
0x00007ffdd674bf7a:   49 01 49 83 e8 01 75 ee 41 c6 04 13 00 48 c7 c0
0x00007ffdd674bf8a:   ff ff ff ff 66 90 48 ff c0 80 3c 02 00 75 f7 48
0x00007ffdd674bf9a:   63 c8 85 c0 48 8b c2 7e 14 80 38 2f 75 03 c6 00
0x00007ffdd674bfaa:   2e 48 ff c0 48 83 e9 01 75 ef 48 8b c2 c3 cc cc
0x00007ffdd674bfba:   cc cc cc cc cc cc 48 83 ec 28 e8 f7 fe ff ff 4c 


Stack slot to memory mapping:
stack at sp + 0 slots: 0x000000000000002a is an unknown value
stack at sp + 1 slots: 0x0000000800c069b8 is a pointer to class: 
hr.fer.zemris.trisat.BitVectorNGenerator$1 {0x0000000800c069c0}
 - instance size:     3
 - klass size:        76
 - access:            synchronized 
 - state:             fully_initialized
 - name:              'hr/fer/zemris/trisat/BitVectorNGenerator$1'
 - super:             'java/lang/Object'
 - sub:               
 - arrays:            NULL
 - methods:           Array<T>(0x00000206a6842ff8)
 - method ordering:   Array<T>(0x00000206a6843560)
 - default_methods:   Array<T>(0x00000206a6840918)
 - default vtable indices:   Array<T>(0x00000206a6840930)
 - local interfaces:  Array<T>(0x00000206a683ffd0)
 - trans. interfaces: Array<T>(0x00000206a683ffd0)
 - constants:         constant pool [88] {0x00000206a6843c20} for 'hr/fer/zemris/trisat/BitVectorNGenerator$1' cache=0x00000206a6843f70
 - class loader data:  loader data: 0x00000206a625e090 for instance a 'jdk/internal/loader/ClassLoaders$AppClassLoader'{0x00000007110581a0}
 - source file:       'BitVectorNGenerator.java'
 - source debug extension:       SMAP
BitVectorNGenerator.java
Java
*S jdt
*F
1 BitVectorNGenerator.java
2 file:/C:/Users/Filip/workspace/OERLab1/bin/
*L
*E

 - class annotations:       Array<T>(0x0000000000000000)
 - class type annotations:  Array<T>(0x0000000000000000)
 - field annotations:       Array<T>(0x0000000000000000)
 - field type annotations:  Array<T>(0x0000000000000000)
 - previous version:  constant pool [76] {0x00000206a6840240} for 'hr/fer/zemris/trisat/BitVectorNGenerator$1' (extra) cache=0x00000206a6840ab8
 - generic signature: '
[error occurred during error reporting (inspecting top of stack), id 0xc0000005, EXCEPTION_ACCESS_VIOLATION (0xc0000005) at pc=0x00007ffdd674cad6]


---------------  P R O C E S S  ---------------

Threads class SMR info:
_java_thread_list=0x00000206a6fe95b0, length=15, elements={
0x00000206830d2940, 0x00000206a620cd00, 0x00000206a620e310, 0x00000206a621c6a0,
0x00000206a621e260, 0x00000206a6226c40, 0x00000206a6235120, 0x00000206a6229f90,
0x00000206a622b150, 0x00000206a62480f0, 0x00000206a6ce5630, 0x00000206a6de7020,
0x00000206a6e6c080, 0x00000206a6e6c760, 0x00000206a6ed47c0
}

Java Threads: ( => current thread )
  0x00000206830d2940 JavaThread "main" [_thread_blocked, id=14076, stack(0x000000fb0f400000,0x000000fb0f500000)]
  0x00000206a620cd00 JavaThread "Reference Handler" daemon [_thread_blocked, id=18968, stack(0x000000fb0fb00000,0x000000fb0fc00000)]
  0x00000206a620e310 JavaThread "Finalizer" daemon [_thread_blocked, id=7984, stack(0x000000fb0fc00000,0x000000fb0fd00000)]
  0x00000206a621c6a0 JavaThread "Signal Dispatcher" daemon [_thread_blocked, id=2856, stack(0x000000fb0fd00000,0x000000fb0fe00000)]
  0x00000206a621e260 JavaThread "Attach Listener" daemon [_thread_blocked, id=1760, stack(0x000000fb0fe00000,0x000000fb0ff00000)]
  0x00000206a6226c40 JavaThread "Service Thread" daemon [_thread_blocked, id=18964, stack(0x000000fb0ff00000,0x000000fb10000000)]
  0x00000206a6235120 JavaThread "Monitor Deflation Thread" daemon [_thread_blocked, id=11224, stack(0x000000fb10000000,0x000000fb10100000)]
  0x00000206a6229f90 JavaThread "C2 CompilerThread0" daemon [_thread_blocked, id=4596, stack(0x000000fb10100000,0x000000fb10200000)]
  0x00000206a622b150 JavaThread "C1 CompilerThread0" daemon [_thread_blocked, id=6852, stack(0x000000fb10200000,0x000000fb10300000)]
  0x00000206a62480f0 JavaThread "Sweeper thread" daemon [_thread_blocked, id=19244, stack(0x000000fb10300000,0x000000fb10400000)]
  0x00000206a6ce5630 JavaThread "Common-Cleaner" daemon [_thread_blocked, id=11904, stack(0x000000fb10400000,0x000000fb10500000)]
=>0x00000206a6de7020 JavaThread "JDWP Transport Listener: dt_socket" daemon [_thread_in_vm, id=19036, stack(0x000000fb10600000,0x000000fb10700000)]
  0x00000206a6e6c080 JavaThread "JDWP Event Helper Thread" daemon [_thread_blocked, id=18372, stack(0x000000fb10700000,0x000000fb10800000)]
  0x00000206a6e6c760 JavaThread "JDWP Command Reader" daemon [_thread_in_native, id=11572, stack(0x000000fb10800000,0x000000fb10900000)]
  0x00000206a6ed47c0 JavaThread "Notification Thread" daemon [_thread_blocked, id=9764, stack(0x000000fb10900000,0x000000fb10a00000)]

Other Threads:
  0x00000206a6204540 VMThread "VM Thread" [stack: 0x000000fb0fa00000,0x000000fb0fb00000] [id=7156]
  0x00000206830d3700 WatcherThread [stack: 0x000000fb10a00000,0x000000fb10b00000] [id=7972]
  0x0000020681059fd0 GCTaskThread "GC Thread#0" [stack: 0x000000fb0f500000,0x000000fb0f600000] [id=2604]
  0x000002068105b590 ConcurrentGCThread "G1 Main Marker" [stack: 0x000000fb0f600000,0x000000fb0f700000] [id=18932]
  0x000002068105cec0 ConcurrentGCThread "G1 Conc#0" [stack: 0x000000fb0f700000,0x000000fb0f800000] [id=12444]
  0x00000206a60c24c0 ConcurrentGCThread "G1 Refine#0" [stack: 0x000000fb0f800000,0x000000fb0f900000] [id=18628]
  0x00000206a60c2ee0 ConcurrentGCThread "G1 Service" [stack: 0x000000fb0f900000,0x000000fb0fa00000] [id=9096]

Threads with active compile tasks:

VM state: not at safepoint (normal execution)

VM Mutex/Monitor currently owned by a thread: None

Heap address: 0x0000000701200000, size: 4078 MB, Compressed Oops mode: Zero based, Oop shift amount: 3

CDS archive(s) mapped at: [0x0000000800000000-0x0000000800bc0000-0x0000000800bc0000), size 12320768, SharedBaseAddress: 0x0000000800000000, ArchiveRelocationMode: 0.
Compressed class space mapped at: 0x0000000800c00000-0x0000000840c00000, reserved size: 1073741824
Narrow klass base: 0x0000000800000000, Narrow klass shift: 0, Narrow klass range: 0x100000000

GC Precious Log:
 CPUs: 12 total, 12 available
 Memory: 16310M
 Large Page Support: Disabled
 NUMA Support: Disabled
 Compressed Oops: Enabled (Zero based)
 Heap Region Size: 2M
 Heap Min Capacity: 8M
 Heap Initial Capacity: 256M
 Heap Max Capacity: 4078M
 Pre-touch: Disabled
 Parallel Workers: 10
 Concurrent Workers: 3
 Concurrent Refinement Workers: 10
 Periodic GC: Disabled

Heap:
 garbage-first heap   total 262144K, used 2048K [0x0000000701200000, 0x0000000800000000)
  region size 2048K, 3 young (6144K), 0 survivors (0K)
 Metaspace       used 2752K, committed 2880K, reserved 1056768K
  class space    used 251K, committed 320K, reserved 1048576K

Heap Regions: E=young(eden), S=young(survivor), O=old, HS=humongous(starts), HC=humongous(continues), CS=collection set, F=free, OA=open archive, CA=closed archive, TAMS=top-at-mark-start (previous, next)
|   0|0x0000000701200000, 0x0000000701200000, 0x0000000701400000|  0%| F|  |TAMS 0x0000000701200000, 0x0000000701200000| Untracked 
|   1|0x0000000701400000, 0x0000000701400000, 0x0000000701600000|  0%| F|  |TAMS 0x0000000701400000, 0x0000000701400000| Untracked 
|   2|0x0000000701600000, 0x0000000701600000, 0x0000000701800000|  0%| F|  |TAMS 0x0000000701600000, 0x0000000701600000| Untracked 
|   3|0x0000000701800000, 0x0000000701800000, 0x0000000701a00000|  0%| F|  |TAMS 0x0000000701800000, 0x0000000701800000| Untracked 
|   4|0x0000000701a00000, 0x0000000701a00000, 0x0000000701c00000|  0%| F|  |TAMS 0x0000000701a00000, 0x0000000701a00000| Untracked 
|   5|0x0000000701c00000, 0x0000000701c00000, 0x0000000701e00000|  0%| F|  |TAMS 0x0000000701c00000, 0x0000000701c00000| Untracked 
|   6|0x0000000701e00000, 0x0000000701e00000, 0x0000000702000000|  0%| F|  |TAMS 0x0000000701e00000, 0x0000000701e00000| Untracked 
|   7|0x0000000702000000, 0x0000000702000000, 0x0000000702200000|  0%| F|  |TAMS 0x0000000702000000, 0x0000000702000000| Untracked 
|   8|0x0000000702200000, 0x0000000702200000, 0x0000000702400000|  0%| F|  |TAMS 0x0000000702200000, 0x0000000702200000| Untracked 
|   9|0x0000000702400000, 0x0000000702400000, 0x0000000702600000|  0%| F|  |TAMS 0x0000000702400000, 0x0000000702400000| Untracked 
|  10|0x0000000702600000, 0x0000000702600000, 0x0000000702800000|  0%| F|  |TAMS 0x0000000702600000, 0x0000000702600000| Untracked 
|  11|0x0000000702800000, 0x0000000702800000, 0x0000000702a00000|  0%| F|  |TAMS 0x0000000702800000, 0x0000000702800000| Untracked 
|  12|0x0000000702a00000, 0x0000000702a00000, 0x0000000702c00000|  0%| F|  |TAMS 0x0000000702a00000, 0x0000000702a00000| Untracked 
|  13|0x0000000702c00000, 0x0000000702c00000, 0x0000000702e00000|  0%| F|  |TAMS 0x0000000702c00000, 0x0000000702c00000| Untracked 
|  14|0x0000000702e00000, 0x0000000702e00000, 0x0000000703000000|  0%| F|  |TAMS 0x0000000702e00000, 0x0000000702e00000| Untracked 
|  15|0x0000000703000000, 0x0000000703000000, 0x0000000703200000|  0%| F|  |TAMS 0x0000000703000000, 0x0000000703000000| Untracked 
|  16|0x0000000703200000, 0x0000000703200000, 0x0000000703400000|  0%| F|  |TAMS 0x0000000703200000, 0x0000000703200000| Untracked 
|  17|0x0000000703400000, 0x0000000703400000, 0x0000000703600000|  0%| F|  |TAMS 0x0000000703400000, 0x0000000703400000| Untracked 
|  18|0x0000000703600000, 0x0000000703600000, 0x0000000703800000|  0%| F|  |TAMS 0x0000000703600000, 0x0000000703600000| Untracked 
|  19|0x0000000703800000, 0x0000000703800000, 0x0000000703a00000|  0%| F|  |TAMS 0x0000000703800000, 0x0000000703800000| Untracked 
|  20|0x0000000703a00000, 0x0000000703a00000, 0x0000000703c00000|  0%| F|  |TAMS 0x0000000703a00000, 0x0000000703a00000| Untracked 
|  21|0x0000000703c00000, 0x0000000703c00000, 0x0000000703e00000|  0%| F|  |TAMS 0x0000000703c00000, 0x0000000703c00000| Untracked 
|  22|0x0000000703e00000, 0x0000000703e00000, 0x0000000704000000|  0%| F|  |TAMS 0x0000000703e00000, 0x0000000703e00000| Untracked 
|  23|0x0000000704000000, 0x0000000704000000, 0x0000000704200000|  0%| F|  |TAMS 0x0000000704000000, 0x0000000704000000| Untracked 
|  24|0x0000000704200000, 0x0000000704200000, 0x0000000704400000|  0%| F|  |TAMS 0x0000000704200000, 0x0000000704200000| Untracked 
|  25|0x0000000704400000, 0x0000000704400000, 0x0000000704600000|  0%| F|  |TAMS 0x0000000704400000, 0x0000000704400000| Untracked 
|  26|0x0000000704600000, 0x0000000704600000, 0x0000000704800000|  0%| F|  |TAMS 0x0000000704600000, 0x0000000704600000| Untracked 
|  27|0x0000000704800000, 0x0000000704800000, 0x0000000704a00000|  0%| F|  |TAMS 0x0000000704800000, 0x0000000704800000| Untracked 
|  28|0x0000000704a00000, 0x0000000704a00000, 0x0000000704c00000|  0%| F|  |TAMS 0x0000000704a00000, 0x0000000704a00000| Untracked 
|  29|0x0000000704c00000, 0x0000000704c00000, 0x0000000704e00000|  0%| F|  |TAMS 0x0000000704c00000, 0x0000000704c00000| Untracked 
|  30|0x0000000704e00000, 0x0000000704e00000, 0x0000000705000000|  0%| F|  |TAMS 0x0000000704e00000, 0x0000000704e00000| Untracked 
|  31|0x0000000705000000, 0x0000000705000000, 0x0000000705200000|  0%| F|  |TAMS 0x0000000705000000, 0x0000000705000000| Untracked 
|  32|0x0000000705200000, 0x0000000705200000, 0x0000000705400000|  0%| F|  |TAMS 0x0000000705200000, 0x0000000705200000| Untracked 
|  33|0x0000000705400000, 0x0000000705400000, 0x0000000705600000|  0%| F|  |TAMS 0x0000000705400000, 0x0000000705400000| Untracked 
|  34|0x0000000705600000, 0x0000000705600000, 0x0000000705800000|  0%| F|  |TAMS 0x0000000705600000, 0x0000000705600000| Untracked 
|  35|0x0000000705800000, 0x0000000705800000, 0x0000000705a00000|  0%| F|  |TAMS 0x0000000705800000, 0x0000000705800000| Untracked 
|  36|0x0000000705a00000, 0x0000000705a00000, 0x0000000705c00000|  0%| F|  |TAMS 0x0000000705a00000, 0x0000000705a00000| Untracked 
|  37|0x0000000705c00000, 0x0000000705c00000, 0x0000000705e00000|  0%| F|  |TAMS 0x0000000705c00000, 0x0000000705c00000| Untracked 
|  38|0x0000000705e00000, 0x0000000705e00000, 0x0000000706000000|  0%| F|  |TAMS 0x0000000705e00000, 0x0000000705e00000| Untracked 
|  39|0x0000000706000000, 0x0000000706000000, 0x0000000706200000|  0%| F|  |TAMS 0x0000000706000000, 0x0000000706000000| Untracked 
|  40|0x0000000706200000, 0x0000000706200000, 0x0000000706400000|  0%| F|  |TAMS 0x0000000706200000, 0x0000000706200000| Untracked 
|  41|0x0000000706400000, 0x0000000706400000, 0x0000000706600000|  0%| F|  |TAMS 0x0000000706400000, 0x0000000706400000| Untracked 
|  42|0x0000000706600000, 0x0000000706600000, 0x0000000706800000|  0%| F|  |TAMS 0x0000000706600000, 0x0000000706600000| Untracked 
|  43|0x0000000706800000, 0x0000000706800000, 0x0000000706a00000|  0%| F|  |TAMS 0x0000000706800000, 0x0000000706800000| Untracked 
|  44|0x0000000706a00000, 0x0000000706a00000, 0x0000000706c00000|  0%| F|  |TAMS 0x0000000706a00000, 0x0000000706a00000| Untracked 
|  45|0x0000000706c00000, 0x0000000706c00000, 0x0000000706e00000|  0%| F|  |TAMS 0x0000000706c00000, 0x0000000706c00000| Untracked 
|  46|0x0000000706e00000, 0x0000000706e00000, 0x0000000707000000|  0%| F|  |TAMS 0x0000000706e00000, 0x0000000706e00000| Untracked 
|  47|0x0000000707000000, 0x0000000707000000, 0x0000000707200000|  0%| F|  |TAMS 0x0000000707000000, 0x0000000707000000| Untracked 
|  48|0x0000000707200000, 0x0000000707200000, 0x0000000707400000|  0%| F|  |TAMS 0x0000000707200000, 0x0000000707200000| Untracked 
|  49|0x0000000707400000, 0x0000000707400000, 0x0000000707600000|  0%| F|  |TAMS 0x0000000707400000, 0x0000000707400000| Untracked 
|  50|0x0000000707600000, 0x0000000707600000, 0x0000000707800000|  0%| F|  |TAMS 0x0000000707600000, 0x0000000707600000| Untracked 
|  51|0x0000000707800000, 0x0000000707800000, 0x0000000707a00000|  0%| F|  |TAMS 0x0000000707800000, 0x0000000707800000| Untracked 
|  52|0x0000000707a00000, 0x0000000707a00000, 0x0000000707c00000|  0%| F|  |TAMS 0x0000000707a00000, 0x0000000707a00000| Untracked 
|  53|0x0000000707c00000, 0x0000000707c00000, 0x0000000707e00000|  0%| F|  |TAMS 0x0000000707c00000, 0x0000000707c00000| Untracked 
|  54|0x0000000707e00000, 0x0000000707e00000, 0x0000000708000000|  0%| F|  |TAMS 0x0000000707e00000, 0x0000000707e00000| Untracked 
|  55|0x0000000708000000, 0x0000000708000000, 0x0000000708200000|  0%| F|  |TAMS 0x0000000708000000, 0x0000000708000000| Untracked 
|  56|0x0000000708200000, 0x0000000708200000, 0x0000000708400000|  0%| F|  |TAMS 0x0000000708200000, 0x0000000708200000| Untracked 
|  57|0x0000000708400000, 0x0000000708400000, 0x0000000708600000|  0%| F|  |TAMS 0x0000000708400000, 0x0000000708400000| Untracked 
|  58|0x0000000708600000, 0x0000000708600000, 0x0000000708800000|  0%| F|  |TAMS 0x0000000708600000, 0x0000000708600000| Untracked 
|  59|0x0000000708800000, 0x0000000708800000, 0x0000000708a00000|  0%| F|  |TAMS 0x0000000708800000, 0x0000000708800000| Untracked 
|  60|0x0000000708a00000, 0x0000000708a00000, 0x0000000708c00000|  0%| F|  |TAMS 0x0000000708a00000, 0x0000000708a00000| Untracked 
|  61|0x0000000708c00000, 0x0000000708c00000, 0x0000000708e00000|  0%| F|  |TAMS 0x0000000708c00000, 0x0000000708c00000| Untracked 
|  62|0x0000000708e00000, 0x0000000708e00000, 0x0000000709000000|  0%| F|  |TAMS 0x0000000708e00000, 0x0000000708e00000| Untracked 
|  63|0x0000000709000000, 0x0000000709000000, 0x0000000709200000|  0%| F|  |TAMS 0x0000000709000000, 0x0000000709000000| Untracked 
|  64|0x0000000709200000, 0x0000000709200000, 0x0000000709400000|  0%| F|  |TAMS 0x0000000709200000, 0x0000000709200000| Untracked 
|  65|0x0000000709400000, 0x0000000709400000, 0x0000000709600000|  0%| F|  |TAMS 0x0000000709400000, 0x0000000709400000| Untracked 
|  66|0x0000000709600000, 0x0000000709600000, 0x0000000709800000|  0%| F|  |TAMS 0x0000000709600000, 0x0000000709600000| Untracked 
|  67|0x0000000709800000, 0x0000000709800000, 0x0000000709a00000|  0%| F|  |TAMS 0x0000000709800000, 0x0000000709800000| Untracked 
|  68|0x0000000709a00000, 0x0000000709a00000, 0x0000000709c00000|  0%| F|  |TAMS 0x0000000709a00000, 0x0000000709a00000| Untracked 
|  69|0x0000000709c00000, 0x0000000709c00000, 0x0000000709e00000|  0%| F|  |TAMS 0x0000000709c00000, 0x0000000709c00000| Untracked 
|  70|0x0000000709e00000, 0x0000000709e00000, 0x000000070a000000|  0%| F|  |TAMS 0x0000000709e00000, 0x0000000709e00000| Untracked 
|  71|0x000000070a000000, 0x000000070a000000, 0x000000070a200000|  0%| F|  |TAMS 0x000000070a000000, 0x000000070a000000| Untracked 
|  72|0x000000070a200000, 0x000000070a200000, 0x000000070a400000|  0%| F|  |TAMS 0x000000070a200000, 0x000000070a200000| Untracked 
|  73|0x000000070a400000, 0x000000070a400000, 0x000000070a600000|  0%| F|  |TAMS 0x000000070a400000, 0x000000070a400000| Untracked 
|  74|0x000000070a600000, 0x000000070a600000, 0x000000070a800000|  0%| F|  |TAMS 0x000000070a600000, 0x000000070a600000| Untracked 
|  75|0x000000070a800000, 0x000000070a800000, 0x000000070aa00000|  0%| F|  |TAMS 0x000000070a800000, 0x000000070a800000| Untracked 
|  76|0x000000070aa00000, 0x000000070aa00000, 0x000000070ac00000|  0%| F|  |TAMS 0x000000070aa00000, 0x000000070aa00000| Untracked 
|  77|0x000000070ac00000, 0x000000070ac00000, 0x000000070ae00000|  0%| F|  |TAMS 0x000000070ac00000, 0x000000070ac00000| Untracked 
|  78|0x000000070ae00000, 0x000000070ae00000, 0x000000070b000000|  0%| F|  |TAMS 0x000000070ae00000, 0x000000070ae00000| Untracked 
|  79|0x000000070b000000, 0x000000070b000000, 0x000000070b200000|  0%| F|  |TAMS 0x000000070b000000, 0x000000070b000000| Untracked 
|  80|0x000000070b200000, 0x000000070b200000, 0x000000070b400000|  0%| F|  |TAMS 0x000000070b200000, 0x000000070b200000| Untracked 
|  81|0x000000070b400000, 0x000000070b400000, 0x000000070b600000|  0%| F|  |TAMS 0x000000070b400000, 0x000000070b400000| Untracked 
|  82|0x000000070b600000, 0x000000070b600000, 0x000000070b800000|  0%| F|  |TAMS 0x000000070b600000, 0x000000070b600000| Untracked 
|  83|0x000000070b800000, 0x000000070b800000, 0x000000070ba00000|  0%| F|  |TAMS 0x000000070b800000, 0x000000070b800000| Untracked 
|  84|0x000000070ba00000, 0x000000070ba00000, 0x000000070bc00000|  0%| F|  |TAMS 0x000000070ba00000, 0x000000070ba00000| Untracked 
|  85|0x000000070bc00000, 0x000000070bc00000, 0x000000070be00000|  0%| F|  |TAMS 0x000000070bc00000, 0x000000070bc00000| Untracked 
|  86|0x000000070be00000, 0x000000070be00000, 0x000000070c000000|  0%| F|  |TAMS 0x000000070be00000, 0x000000070be00000| Untracked 
|  87|0x000000070c000000, 0x000000070c000000, 0x000000070c200000|  0%| F|  |TAMS 0x000000070c000000, 0x000000070c000000| Untracked 
|  88|0x000000070c200000, 0x000000070c200000, 0x000000070c400000|  0%| F|  |TAMS 0x000000070c200000, 0x000000070c200000| Untracked 
|  89|0x000000070c400000, 0x000000070c400000, 0x000000070c600000|  0%| F|  |TAMS 0x000000070c400000, 0x000000070c400000| Untracked 
|  90|0x000000070c600000, 0x000000070c600000, 0x000000070c800000|  0%| F|  |TAMS 0x000000070c600000, 0x000000070c600000| Untracked 
|  91|0x000000070c800000, 0x000000070c800000, 0x000000070ca00000|  0%| F|  |TAMS 0x000000070c800000, 0x000000070c800000| Untracked 
|  92|0x000000070ca00000, 0x000000070ca00000, 0x000000070cc00000|  0%| F|  |TAMS 0x000000070ca00000, 0x000000070ca00000| Untracked 
|  93|0x000000070cc00000, 0x000000070cc00000, 0x000000070ce00000|  0%| F|  |TAMS 0x000000070cc00000, 0x000000070cc00000| Untracked 
|  94|0x000000070ce00000, 0x000000070ce00000, 0x000000070d000000|  0%| F|  |TAMS 0x000000070ce00000, 0x000000070ce00000| Untracked 
|  95|0x000000070d000000, 0x000000070d000000, 0x000000070d200000|  0%| F|  |TAMS 0x000000070d000000, 0x000000070d000000| Untracked 
|  96|0x000000070d200000, 0x000000070d200000, 0x000000070d400000|  0%| F|  |TAMS 0x000000070d200000, 0x000000070d200000| Untracked 
|  97|0x000000070d400000, 0x000000070d400000, 0x000000070d600000|  0%| F|  |TAMS 0x000000070d400000, 0x000000070d400000| Untracked 
|  98|0x000000070d600000, 0x000000070d600000, 0x000000070d800000|  0%| F|  |TAMS 0x000000070d600000, 0x000000070d600000| Untracked 
|  99|0x000000070d800000, 0x000000070d800000, 0x000000070da00000|  0%| F|  |TAMS 0x000000070d800000, 0x000000070d800000| Untracked 
| 100|0x000000070da00000, 0x000000070da00000, 0x000000070dc00000|  0%| F|  |TAMS 0x000000070da00000, 0x000000070da00000| Untracked 
| 101|0x000000070dc00000, 0x000000070dc00000, 0x000000070de00000|  0%| F|  |TAMS 0x000000070dc00000, 0x000000070dc00000| Untracked 
| 102|0x000000070de00000, 0x000000070de00000, 0x000000070e000000|  0%| F|  |TAMS 0x000000070de00000, 0x000000070de00000| Untracked 
| 103|0x000000070e000000, 0x000000070e000000, 0x000000070e200000|  0%| F|  |TAMS 0x000000070e000000, 0x000000070e000000| Untracked 
| 104|0x000000070e200000, 0x000000070e200000, 0x000000070e400000|  0%| F|  |TAMS 0x000000070e200000, 0x000000070e200000| Untracked 
| 105|0x000000070e400000, 0x000000070e400000, 0x000000070e600000|  0%| F|  |TAMS 0x000000070e400000, 0x000000070e400000| Untracked 
| 106|0x000000070e600000, 0x000000070e600000, 0x000000070e800000|  0%| F|  |TAMS 0x000000070e600000, 0x000000070e600000| Untracked 
| 107|0x000000070e800000, 0x000000070e800000, 0x000000070ea00000|  0%| F|  |TAMS 0x000000070e800000, 0x000000070e800000| Untracked 
| 108|0x000000070ea00000, 0x000000070ea00000, 0x000000070ec00000|  0%| F|  |TAMS 0x000000070ea00000, 0x000000070ea00000| Untracked 
| 109|0x000000070ec00000, 0x000000070ec00000, 0x000000070ee00000|  0%| F|  |TAMS 0x000000070ec00000, 0x000000070ec00000| Untracked 
| 110|0x000000070ee00000, 0x000000070ee00000, 0x000000070f000000|  0%| F|  |TAMS 0x000000070ee00000, 0x000000070ee00000| Untracked 
| 111|0x000000070f000000, 0x000000070f000000, 0x000000070f200000|  0%| F|  |TAMS 0x000000070f000000, 0x000000070f000000| Untracked 
| 112|0x000000070f200000, 0x000000070f200000, 0x000000070f400000|  0%| F|  |TAMS 0x000000070f200000, 0x000000070f200000| Untracked 
| 113|0x000000070f400000, 0x000000070f400000, 0x000000070f600000|  0%| F|  |TAMS 0x000000070f400000, 0x000000070f400000| Untracked 
| 114|0x000000070f600000, 0x000000070f600000, 0x000000070f800000|  0%| F|  |TAMS 0x000000070f600000, 0x000000070f600000| Untracked 
| 115|0x000000070f800000, 0x000000070f800000, 0x000000070fa00000|  0%| F|  |TAMS 0x000000070f800000, 0x000000070f800000| Untracked 
| 116|0x000000070fa00000, 0x000000070fa00000, 0x000000070fc00000|  0%| F|  |TAMS 0x000000070fa00000, 0x000000070fa00000| Untracked 
| 117|0x000000070fc00000, 0x000000070fc00000, 0x000000070fe00000|  0%| F|  |TAMS 0x000000070fc00000, 0x000000070fc00000| Untracked 
| 118|0x000000070fe00000, 0x000000070fe00000, 0x0000000710000000|  0%| F|  |TAMS 0x000000070fe00000, 0x000000070fe00000| Untracked 
| 119|0x0000000710000000, 0x0000000710000000, 0x0000000710200000|  0%| F|  |TAMS 0x0000000710000000, 0x0000000710000000| Untracked 
| 120|0x0000000710200000, 0x0000000710200000, 0x0000000710400000|  0%| F|  |TAMS 0x0000000710200000, 0x0000000710200000| Untracked 
| 121|0x0000000710400000, 0x0000000710400000, 0x0000000710600000|  0%| F|  |TAMS 0x0000000710400000, 0x0000000710400000| Untracked 
| 122|0x0000000710600000, 0x0000000710600000, 0x0000000710800000|  0%| F|  |TAMS 0x0000000710600000, 0x0000000710600000| Untracked 
| 123|0x0000000710800000, 0x0000000710800000, 0x0000000710a00000|  0%| F|  |TAMS 0x0000000710800000, 0x0000000710800000| Untracked 
| 124|0x0000000710a00000, 0x0000000710a00000, 0x0000000710c00000|  0%| F|  |TAMS 0x0000000710a00000, 0x0000000710a00000| Untracked 
| 125|0x0000000710c00000, 0x0000000710dd7ce0, 0x0000000710e00000| 92%| E|  |TAMS 0x0000000710c00000, 0x0000000710c00000| Complete 
| 126|0x0000000710e00000, 0x0000000711000000, 0x0000000711000000|100%| E|  |TAMS 0x0000000710e00000, 0x0000000710e00000| Complete 
| 127|0x0000000711000000, 0x0000000711200000, 0x0000000711200000|100%| E|CS|TAMS 0x0000000711000000, 0x0000000711000000| Complete 

Card table byte_map: [0x000002069a630000,0x000002069ae30000] _byte_map_base: 0x0000020696e27000

Marking Bits (Prev, Next): (CMBitMap*) 0x000002068105a4f0, (CMBitMap*) 0x000002068105a530
 Prev Bits: [0x000002069b630000, 0x000002069f5e8000)
 Next Bits: [0x000002069f5f0000, 0x00000206a35a8000)

Polling page: 0x0000020680f30000

Metaspace:

Usage:
  Non-class:      2.44 MB used.
      Class:    251.78 KB used.
       Both:      2.69 MB used.

Virtual space:
  Non-class space:        8.00 MB reserved,       2.50 MB ( 31%) committed,  1 nodes.
      Class space:        1.00 GB reserved,     320.00 KB ( <1%) committed,  1 nodes.
             Both:        1.01 GB reserved,       2.81 MB ( <1%) committed. 

Chunk freelists:
   Non-Class:  3.72 MB
       Class:  3.72 MB
        Both:  7.44 MB

MaxMetaspaceSize: unlimited
CompressedClassSpaceSize: 1.00 GB
Initial GC threshold: 21.00 MB
Current GC threshold: 21.00 MB
CDS: on
MetaspaceReclaimPolicy: balanced
 - commit_granule_bytes: 65536.
 - commit_granule_words: 8192.
 - virtual_space_node_default_size: 1048576.
 - enlarge_chunks_in_place: 1.
 - new_chunks_are_fully_committed: 0.
 - uncommit_free_chunks: 1.
 - use_allocation_guard: 0.
 - handle_deallocations: 1.


Internal statistics:

num_allocs_failed_limit: 0.
num_arena_births: 8.
num_arena_deaths: 0.
num_vsnodes_births: 2.
num_vsnodes_deaths: 0.
num_space_committed: 45.
num_space_uncommitted: 0.
num_chunks_returned_to_freelist: 0.
num_chunks_taken_from_freelist: 28.
num_chunk_merges: 0.
num_chunk_splits: 16.
num_chunks_enlarged: 11.
num_purges: 0.
num_inconsistent_stats: 0.

CodeHeap 'non-profiled nmethods': size=120000Kb used=135Kb max_used=135Kb free=119864Kb
 bounds [0x00000206923b0000, 0x0000020692620000, 0x00000206998e0000]
CodeHeap 'profiled nmethods': size=120000Kb used=618Kb max_used=618Kb free=119381Kb
 bounds [0x000002068ae80000, 0x000002068b0f0000, 0x00000206923b0000]
CodeHeap 'non-nmethods': size=5760Kb used=1197Kb max_used=1215Kb free=4563Kb
 bounds [0x000002068a8e0000, 0x000002068ab50000, 0x000002068ae80000]
 total_blobs=822 nmethods=411 adapters=324
 compilation: enabled
              stopped_count=0, restarted_count=0
 full_count=0

Compilation events (20 events):
Event: 11.551 Thread 0x00000206a622b150  402       3       java.lang.StringBuilder::append (9 bytes)
Event: 11.551 Thread 0x00000206a622b150 nmethod 402 0x000002068af17610 code [0x000002068af177e0, 0x000002068af17b18]
Event: 12.841 Thread 0x00000206a622b150  403       3       java.lang.Integer::toString (55 bytes)
Event: 12.841 Thread 0x00000206a622b150 nmethod 403 0x000002068af17c90 code [0x000002068af17e60, 0x000002068af181f8]
Event: 12.841 Thread 0x00000206a622b150  404       3       java.lang.Integer::toString (8 bytes)
Event: 12.841 Thread 0x00000206a622b150 nmethod 404 0x000002068af18390 code [0x000002068af18520, 0x000002068af18668]
Event: 20.242 Thread 0x00000206a622b150  405       3       org.eclipse.jdt.launching.internal.org.objectweb.asm.SymbolTable$Entry::<init> (17 bytes)
Event: 20.242 Thread 0x00000206a622b150 nmethod 405 0x000002068af18710 code [0x000002068af188c0, 0x000002068af18a68]
Event: 28.813 Thread 0x00000206a622b150  406       3       java.lang.Integer::valueOf (32 bytes)
Event: 28.813 Thread 0x00000206a622b150 nmethod 406 0x000002068af18b10 code [0x000002068af18cc0, 0x000002068af18fd8]
Event: 28.813 Thread 0x00000206a622b150  407       1       java.nio.Buffer::limit (5 bytes)
Event: 28.813 Thread 0x00000206a622b150 nmethod 407 0x00000206923d1990 code [0x00000206923d1b20, 0x00000206923d1bf8]
Event: 28.813 Thread 0x00000206a622b150  409       3       java.lang.StringLatin1::inflate (34 bytes)
Event: 28.814 Thread 0x00000206a622b150 nmethod 409 0x000002068af19110 code [0x000002068af192c0, 0x000002068af194d8]
Event: 28.814 Thread 0x00000206a622b150  410       3       hr.fer.zemris.trisat.BitVector::get (41 bytes)
Event: 28.814 Thread 0x00000206a622b150 nmethod 410 0x000002068af19610 code [0x000002068af19860, 0x000002068af1a198]
Event: 28.814 Thread 0x00000206a622b150  408       1       java.nio.Buffer::position (5 bytes)
Event: 28.814 Thread 0x00000206a622b150 nmethod 408 0x00000206923d1c90 code [0x00000206923d1e20, 0x00000206923d1ef8]
Event: 81.828 Thread 0x00000206a622b150  411       3       org.eclipse.jdt.launching.internal.org.objectweb.asm.SymbolTable::get (13 bytes)
Event: 81.828 Thread 0x00000206a622b150 nmethod 411 0x000002068af1a510 code [0x000002068af1a6a0, 0x000002068af1a7f8]

GC Heap History (0 events):
No events

Deoptimization events (20 events):
Event: 0.163 Thread 0x00000206830d2940 DEOPT PACKING pc=0x00000206923bdfe0 sp=0x000000fb0f4fe240
Event: 0.163 Thread 0x00000206830d2940 DEOPT UNPACKING pc=0x000002068a9323a3 sp=0x000000fb0f4fe1e0 mode 2
Event: 0.163 Thread 0x00000206830d2940 Uncommon trap: trap_request=0xffffff45 fr.pc=0x00000206923c1b78 relative=0x00000000000000d8
Event: 0.163 Thread 0x00000206830d2940 Uncommon trap: reason=unstable_if action=reinterpret pc=0x00000206923c1b78 method=java.lang.String.isLatin1()Z @ 10 c2
Event: 0.163 Thread 0x00000206830d2940 DEOPT PACKING pc=0x00000206923c1b78 sp=0x000000fb0f4fec30
Event: 0.163 Thread 0x00000206830d2940 DEOPT UNPACKING pc=0x000002068a9323a3 sp=0x000000fb0f4feb80 mode 2
Event: 0.174 Thread 0x00000206830d2940 DEOPT PACKING pc=0x000002068aeec47c sp=0x000000fb0f4f7ea0
Event: 0.174 Thread 0x00000206830d2940 DEOPT UNPACKING pc=0x000002068a932b43 sp=0x000000fb0f4f7308 mode 0
Event: 0.178 Thread 0x00000206830d2940 DEOPT PACKING pc=0x000002068aeec47c sp=0x000000fb0f4f7b10
Event: 0.178 Thread 0x00000206830d2940 DEOPT UNPACKING pc=0x000002068a932b43 sp=0x000000fb0f4f6f78 mode 0
Event: 0.178 Thread 0x00000206830d2940 DEOPT PACKING pc=0x000002068aeec47c sp=0x000000fb0f4f7b10
Event: 0.178 Thread 0x00000206830d2940 DEOPT UNPACKING pc=0x000002068a932b43 sp=0x000000fb0f4f6f78 mode 0
Event: 0.181 Thread 0x00000206830d2940 Uncommon trap: trap_request=0xffffff45 fr.pc=0x00000206923c4664 relative=0x0000000000000544
Event: 0.181 Thread 0x00000206830d2940 Uncommon trap: reason=unstable_if action=reinterpret pc=0x00000206923c4664 method=java.lang.Integer.parseInt(Ljava/lang/String;I)I @ 119 c2
Event: 0.181 Thread 0x00000206830d2940 DEOPT PACKING pc=0x00000206923c4664 sp=0x000000fb0f4ff0c0
Event: 0.181 Thread 0x00000206830d2940 DEOPT UNPACKING pc=0x000002068a9323a3 sp=0x000000fb0f4ff038 mode 2
Event: 0.182 Thread 0x00000206830d2940 Uncommon trap: trap_request=0xffffff45 fr.pc=0x00000206923b92ec relative=0x000000000000024c
Event: 0.182 Thread 0x00000206830d2940 Uncommon trap: reason=unstable_if action=reinterpret pc=0x00000206923b92ec method=java.lang.String.isLatin1()Z @ 10 c2
Event: 0.183 Thread 0x00000206830d2940 DEOPT PACKING pc=0x00000206923b92ec sp=0x000000fb0f4fcb70
Event: 0.183 Thread 0x00000206830d2940 DEOPT UNPACKING pc=0x000002068a9323a3 sp=0x000000fb0f4fcaa8 mode 2

Classes unloaded (0 events):
No events

Classes redefined (2 events):
Event: 81.830 Thread 0x00000206a6204540 redefined class name=hr.fer.zemris.trisat.BitVectorNGenerator, count=1
Event: 81.830 Thread 0x00000206a6204540 redefined class name=hr.fer.zemris.trisat.BitVectorNGenerator$1, count=1

Internal exceptions (0 events):
No events

VM Operations (20 events):
Event: 55.723 Executing VM operation: get/set locals
Event: 55.723 Executing VM operation: get/set locals done
Event: 56.900 Executing VM operation: get/set locals
Event: 56.900 Executing VM operation: get/set locals done
Event: 56.900 Executing VM operation: get/set locals
Event: 56.901 Executing VM operation: get/set locals done
Event: 56.901 Executing VM operation: get/set locals
Event: 56.901 Executing VM operation: get/set locals done
Event: 56.901 Executing VM operation: get/set locals
Event: 56.902 Executing VM operation: get/set locals done
Event: 81.818 Executing VM operation: ChangeBreakpoints
Event: 81.818 Executing VM operation: ChangeBreakpoints done
Event: 81.818 Executing VM operation: ChangeBreakpoints
Event: 81.818 Executing VM operation: ChangeBreakpoints done
Event: 81.826 Executing VM operation: ChangeSingleStep
Event: 81.826 Executing VM operation: ChangeSingleStep done
Event: 81.826 Executing VM operation: ChangeSingleStep
Event: 81.826 Executing VM operation: ChangeSingleStep done
Event: 81.830 Executing VM operation: RedefineClasses
Event: 81.831 Executing VM operation: RedefineClasses done

Events (20 events):
Event: 0.169 loading class jdk/internal/reflect/ClassDefiner$1 done
Event: 0.169 loading class jdk/internal/reflect/BootstrapConstructorAccessorImpl
Event: 0.169 loading class jdk/internal/reflect/BootstrapConstructorAccessorImpl done
Event: 0.179 loading class java/lang/IllegalStateException
Event: 0.179 loading class java/lang/IllegalStateException done
Event: 0.180 loading class java/io/Reader
Event: 0.180 loading class java/io/Reader done
Event: 0.180 loading class java/io/FileReader
Event: 0.180 loading class java/io/InputStreamReader
Event: 0.180 loading class java/io/InputStreamReader done
Event: 0.180 loading class java/io/FileReader done
Event: 0.180 loading class java/io/BufferedReader
Event: 0.180 loading class java/io/BufferedReader done
Event: 0.180 loading class sun/nio/cs/StreamDecoder
Event: 0.180 loading class sun/nio/cs/StreamDecoder done
Event: 0.180 loading class sun/nio/cs/UTF_8$Decoder
Event: 0.180 loading class sun/nio/cs/UTF_8$Decoder done
Event: 0.184 loading class jdk/internal/math/FDBigInteger
Event: 0.185 loading class jdk/internal/math/FDBigInteger done
Event: 5.201 Thread 0x00000206a6d4c6a0 Thread exited: 0x00000206a6d4c6a0


Dynamic libraries:
0x00007ff7ebf10000 - 0x00007ff7ebf20000 	C:\Program Files\Java\jdk-17\bin\javaw.exe
0x00007ffe171b0000 - 0x00007ffe173a5000 	C:\Windows\SYSTEM32\ntdll.dll
0x00007ffe161c0000 - 0x00007ffe1627e000 	C:\Windows\System32\KERNEL32.DLL
0x00007ffe14c20000 - 0x00007ffe14ee9000 	C:\Windows\System32\KERNELBASE.dll
0x00007ffe14ef0000 - 0x00007ffe14ff0000 	C:\Windows\System32\ucrtbase.dll
0x00007ffdf8e30000 - 0x00007ffdf8e48000 	C:\Program Files\Java\jdk-17\bin\jli.dll
0x00007ffdf66a0000 - 0x00007ffdf66ba000 	C:\Program Files\Java\jdk-17\bin\VCRUNTIME140.dll
0x00007ffe16320000 - 0x00007ffe163cc000 	C:\Windows\System32\ADVAPI32.dll
0x00007ffe16280000 - 0x00007ffe1631e000 	C:\Windows\System32\msvcrt.dll
0x00007ffe15d60000 - 0x00007ffe15dfb000 	C:\Windows\System32\sechost.dll
0x00007ffe15bc0000 - 0x00007ffe15cea000 	C:\Windows\System32\RPCRT4.dll
0x00007ffe163d0000 - 0x00007ffe16571000 	C:\Windows\System32\USER32.dll
0x00007ffe0a430000 - 0x00007ffe0a6ca000 	C:\Windows\WinSxS\amd64_microsoft.windows.common-controls_6595b64144ccf1df_6.0.19041.1110_none_60b5254171f9507e\COMCTL32.dll
0x00007ffe14a30000 - 0x00007ffe14a52000 	C:\Windows\System32\win32u.dll
0x00007ffe17130000 - 0x00007ffe1715b000 	C:\Windows\System32\GDI32.dll
0x00007ffe14a60000 - 0x00007ffe14b6b000 	C:\Windows\System32\gdi32full.dll
0x00007ffe15050000 - 0x00007ffe150ed000 	C:\Windows\System32\msvcp_win.dll
0x00007ffe0ef20000 - 0x00007ffe0ef2a000 	C:\Windows\SYSTEM32\VERSION.dll
0x00007ffe165e0000 - 0x00007ffe16610000 	C:\Windows\System32\IMM32.DLL
0x00007ffdf8e70000 - 0x00007ffdf8e7c000 	C:\Program Files\Java\jdk-17\bin\vcruntime140_1.dll
0x00007ffdefb20000 - 0x00007ffdefbad000 	C:\Program Files\Java\jdk-17\bin\msvcp140.dll
0x00007ffdd6010000 - 0x00007ffdd6bce000 	C:\Program Files\Java\jdk-17\bin\server\jvm.dll
0x00007ffe17160000 - 0x00007ffe17168000 	C:\Windows\System32\PSAPI.DLL
0x00007ffe0b770000 - 0x00007ffe0b797000 	C:\Windows\SYSTEM32\WINMM.dll
0x00007ffdf8760000 - 0x00007ffdf8769000 	C:\Windows\SYSTEM32\WSOCK32.dll
0x00007ffe16fb0000 - 0x00007ffe1701b000 	C:\Windows\System32\WS2_32.dll
0x00007ffe127f0000 - 0x00007ffe12802000 	C:\Windows\SYSTEM32\kernel.appcore.dll
0x00007ffdf6750000 - 0x00007ffdf675a000 	C:\Program Files\Java\jdk-17\bin\jimage.dll
0x00007ffe097d0000 - 0x00007ffe099b4000 	C:\Windows\SYSTEM32\DBGHELP.DLL
0x00007ffe07ac0000 - 0x00007ffe07aec000 	C:\Windows\SYSTEM32\dbgcore.DLL
0x00007ffe150f0000 - 0x00007ffe15173000 	C:\Windows\System32\bcryptPrimitives.dll
0x00007ffdefc50000 - 0x00007ffdefc8b000 	C:\Program Files\Java\jdk-17\bin\jdwp.dll
0x00007ffdf8e80000 - 0x00007ffdf8e8e000 	C:\Program Files\Java\jdk-17\bin\instrument.dll
0x00007ffdef8c0000 - 0x00007ffdef8e5000 	C:\Program Files\Java\jdk-17\bin\java.dll
0x00007ffdef5b0000 - 0x00007ffdef686000 	C:\Program Files\Java\jdk-17\bin\svml.dll
0x00007ffe16870000 - 0x00007ffe16faf000 	C:\Windows\System32\SHELL32.dll
0x00007ffe129f0000 - 0x00007ffe13180000 	C:\Windows\SYSTEM32\windows.storage.dll
0x00007ffe15860000 - 0x00007ffe15bb5000 	C:\Windows\System32\combase.dll
0x00007ffe14320000 - 0x00007ffe1434c000 	C:\Windows\SYSTEM32\Wldp.dll
0x00007ffe167c0000 - 0x00007ffe1686e000 	C:\Windows\System32\SHCORE.dll
0x00007ffe16580000 - 0x00007ffe165d5000 	C:\Windows\System32\shlwapi.dll
0x00007ffe14810000 - 0x00007ffe1482f000 	C:\Windows\SYSTEM32\profapi.dll
0x00007ffdf6760000 - 0x00007ffdf676c000 	C:\Program Files\Java\jdk-17\bin\dt_socket.dll
0x00007ffe13d20000 - 0x00007ffe13d5b000 	C:\Windows\SYSTEM32\IPHLPAPI.DLL
0x00007ffe14080000 - 0x00007ffe140ea000 	C:\Windows\system32\mswsock.dll
0x00007ffe13d70000 - 0x00007ffe13e3c000 	C:\Windows\SYSTEM32\DNSAPI.dll
0x00007ffe17100000 - 0x00007ffe17108000 	C:\Windows\System32\NSI.dll
0x00007ffe0dff0000 - 0x00007ffe0dffa000 	C:\Windows\System32\rasadhlp.dll
0x00007ffe05b70000 - 0x00007ffe05bef000 	C:\Windows\System32\fwpuclnt.dll
0x00007ffe151d0000 - 0x00007ffe151f7000 	C:\Windows\System32\bcrypt.dll
0x00007ffdef570000 - 0x00007ffdef588000 	C:\Program Files\Java\jdk-17\bin\zip.dll
0x00007ffdef8a0000 - 0x00007ffdef8b9000 	C:\Program Files\Java\jdk-17\bin\net.dll
0x00007ffe0ba30000 - 0x00007ffe0bb38000 	C:\Windows\SYSTEM32\WINHTTP.dll
0x00007ffdef590000 - 0x00007ffdef5a5000 	C:\Program Files\Java\jdk-17\bin\nio.dll
0x00007ffdf1100000 - 0x00007ffdf1110000 	C:\Program Files\Java\jdk-17\bin\verify.dll

dbghelp: loaded successfully - version: 4.0.5 - missing functions: none
symbol engine: initialized successfully - sym options: 0x614 - pdb path: .;C:\Program Files\Java\jdk-17\bin;C:\Windows\SYSTEM32;C:\Windows\WinSxS\amd64_microsoft.windows.common-controls_6595b64144ccf1df_6.0.19041.1110_none_60b5254171f9507e;C:\Program Files\Java\jdk-17\bin\server

VM Arguments:
jvm_args: -XX:+ShowCodeDetailsInExceptionMessages -agentlib:jdwp=transport=dt_socket,suspend=y,address=localhost:64236 -javaagent:C:\Users\Filip\eclipse\java-2021-09\eclipse\configuration\org.eclipse.osgi\222\0\.cp\lib\javaagent-shaded.jar -Dfile.encoding=UTF-8 
java_command: hr.fer.zemris.trisat.TriSATSolver
java_class_path (initial): C:\Users\Filip\workspace\OERLab1\bin
Launcher Type: SUN_STANDARD

[Global flags]
     intx CICompilerCount                          = 4                                         {product} {ergonomic}
     uint ConcGCThreads                            = 3                                         {product} {ergonomic}
     uint G1ConcRefinementThreads                  = 10                                        {product} {ergonomic}
   size_t G1HeapRegionSize                         = 2097152                                   {product} {ergonomic}
    uintx GCDrainStackTargetSize                   = 64                                        {product} {ergonomic}
   size_t InitialHeapSize                          = 268435456                                 {product} {ergonomic}
   size_t MarkStackSize                            = 4194304                                   {product} {ergonomic}
   size_t MaxHeapSize                              = 4276092928                                {product} {ergonomic}
   size_t MaxNewSize                               = 2564816896                                {product} {ergonomic}
   size_t MinHeapDeltaBytes                        = 2097152                                   {product} {ergonomic}
   size_t MinHeapSize                              = 8388608                                   {product} {ergonomic}
    uintx NonNMethodCodeHeapSize                   = 5839372                                {pd product} {ergonomic}
    uintx NonProfiledCodeHeapSize                  = 122909434                              {pd product} {ergonomic}
    uintx ProfiledCodeHeapSize                     = 122909434                              {pd product} {ergonomic}
    uintx ReservedCodeCacheSize                    = 251658240                              {pd product} {ergonomic}
     bool SegmentedCodeCache                       = true                                      {product} {ergonomic}
     bool ShowCodeDetailsInExceptionMessages       = true                                   {manageable} {command line}
   size_t SoftMaxHeapSize                          = 4276092928                             {manageable} {ergonomic}
     bool UseCompressedClassPointers               = true                           {product lp64_product} {ergonomic}
     bool UseCompressedOops                        = true                           {product lp64_product} {ergonomic}
     bool UseG1GC                                  = true                                      {product} {ergonomic}
     bool UseLargePagesIndividualAllocation        = false                                  {pd product} {ergonomic}

Logging:
Log output configuration:
 #0: stdout all=warning uptime,level,tags
 #1: stderr all=off uptime,level,tags

Environment Variables:
PATH=C:\Program Files\Common Files\Oracle\Java\javapath;C:\Program Files (x86)\Common Files\Oracle\Java\javapath;C:\Windows\system32;C:\Windows;C:\Windows\System32\Wbem;C:\Windows\System32\WindowsPowerShell\v1.0\;C:\Windows\System32\OpenSSH\;C:\Program Files\NVIDIA Corporation\NVIDIA NvDLISR;C:\Program Files (x86)\NVIDIA Corporation\PhysX\Common;C:\Users\Filip\AppData\Local\Microsoft\WindowsApps;
USERNAME=Filip
OS=Windows_NT
PROCESSOR_IDENTIFIER=AMD64 Family 25 Model 33 Stepping 0, AuthenticAMD



---------------  S Y S T E M  ---------------

OS:
 Windows 10 , 64 bit Build 19041 (10.0.19041.1202)
OS uptime: 1 days 17:33 hours

CPU: total 12 (initial active 12) (12 cores per cpu, 2 threads per core) family 25 model 33 stepping 0 microcode 0x0, cx8, cmov, fxsr, ht, mmx, 3dnowpref, sse, sse2, sse3, ssse3, sse4a, sse4.1, sse4.2, popcnt, lzcnt, tsc, tscinvbit, avx, avx2, aes, erms, clmul, bmi1, bmi2, adx, sha, fma, vzeroupper, clflush, clflushopt

Memory: 4k page, system-wide physical 16310M (9154M free)
TotalPageFile size 19092M (AvailPageFile size 5359M)
current process WorkingSet (physical memory assigned to process): 43M, peak: 47M
current process commit charge ("private bytes"): 351M, peak: 355M

vm_info: Java HotSpot(TM) 64-Bit Server VM (17+35-LTS-2724) for windows-amd64 JRE (17+35-LTS-2724), built on Aug  5 2021 23:28:28 by "mach5one" with MS VC++ 16.8 (VS2019)

END.
